<?xml version="1.0" encoding="UTF-8"?>
<!-- Generated by org.testng.reporters.JUnitXMLReporter -->
<testsuite ignored="18" hostname="DESKTOP-TG48D8J" failures="3" tests="57" name="Test" time="115.354" errors="0" timestamp="2022-12-30T11:18:35 EST">
  <testcase classname="testCases.HomePageTest" name="homepage" time="2.272"/>
  <testcase classname="testCases.RegistrationTest" name="RegistrationDDT" time="1.693"/>
  <testcase classname="testCases.RegistrationTest" name="RegistrationDDT" time="0.786"/>
  <testcase classname="testCases.RegistrationTest" name="RegistrationDDT" time="0.663"/>
  <testcase classname="testCases.RegistrationTest" name="RegistrationDDT" time="0.907"/>
  <testcase classname="testCases.RegistrationTest" name="RegistrationDDT" time="0.587"/>
  <testcase classname="testCases.RegistrationTest" name="RegistrationDDT" time="1.093"/>
  <testcase classname="testCases.RegistrationTest" name="sighOutOnRegistrationPage" time="0.378"/>
  <testcase classname="testCases.SigninTest" name="SigninDDT" time="1.991">
    <failure type="java.lang.AssertionError" message="expected [true] but found [false]">
      <![CDATA[java.lang.AssertionError: expected [true] but found [false]
at testCases.SigninTest.SigninDDT(SigninTest.java:39)
at java.base/java.util.ArrayList.forEach(ArrayList.java:1511)
... Removed 33 stack frames]]>
    </failure>
  </testcase> <!-- SigninDDT -->
  <testcase classname="testCases.SigninTest" name="SigninDDT" time="1.723">
    <failure type="java.lang.AssertionError" message="expected [true] but found [false]">
      <![CDATA[java.lang.AssertionError: expected [true] but found [false]
at testCases.SigninTest.SigninDDT(SigninTest.java:39)
at java.base/java.util.ArrayList.forEach(ArrayList.java:1511)
... Removed 33 stack frames]]>
    </failure>
  </testcase> <!-- SigninDDT -->
  <testcase classname="testCases.SigninTest" name="SigninDDT" time="3.11">
    <failure type="java.lang.AssertionError" message="expected [true] but found [false]">
      <![CDATA[java.lang.AssertionError: expected [true] but found [false]
at testCases.SigninTest.SigninDDT(SigninTest.java:39)
at java.base/java.util.ArrayList.forEach(ArrayList.java:1511)
... Removed 33 stack frames]]>
    </failure>
  </testcase> <!-- SigninDDT -->
  <testcase classname="testCases.DataStructureTest" name="DatastructureTimeComplexity" time="5.767"/>
  <testcase classname="testCases.DataStructureTest" name="DataStructurePrecticeQuestion" time="2.142"/>
  <testcase classname="testCases.ArrayTest" name="Arrayslogin" time="2.301"/>
  <testcase classname="testCases.ArrayTest" name="ArraysPython" time="1.95"/>
  <testcase classname="testCases.ArrayTest" name="ArraysList" time="1.368"/>
  <testcase classname="testCases.ArrayTest" name="BasicOperation" time="3.255"/>
  <testcase classname="testCases.ArrayTest" name="ApplicationOfArrays" time="1.891"/>
  <testcase classname="testCases.ArrayTest" name="PracticeQuestion" time="1.205"/>
  <testcase classname="testCases.ArrayTest" name="MaxConsecutive" time="1.197"/>
  <testcase classname="testCases.ArrayTest" name="FindNumber" time="1.084"/>
  <testcase classname="testCases.ArrayTest" name="ShortedArrays" time="1.253"/>
  <testcase classname="testCases.LinkedListTest" name="LinledSignIn" time="2.854"/>
  <testcase classname="testCases.LinkedListTest" name="introductionLinkListed" time="2.214"/>
  <testcase classname="testCases.LinkedListTest" name="CreatedLinkedListedPage" time="1.19"/>
  <testcase classname="testCases.LinkedListTest" name="TypeOfLinkedListedPage" time="1.269"/>
  <testcase classname="testCases.LinkedListTest" name="ImplementLinkedListedPython" time="1.124"/>
  <testcase classname="testCases.LinkedListTest" name="TraversalLinkedListedPython" time="0.931"/>
  <testcase classname="testCases.LinkedListTest" name="InsertaionLinkedListedPython" time="1.994"/>
  <testcase classname="testCases.LinkedListTest" name="DeletionLinkedListedPython" time="2.523"/>
  <testcase classname="testCases.LinkedListTest" name="PracticeQuastionLinkedListedPython" time="1.307"/>
  <testcase classname="testCases.StackTest" name="StackOperations" time="4.321"/>
  <testcase classname="testCases.StackTest" name="StackApplications" time="1.94"/>
  <testcase classname="testCases.StackTest" name="StackImplementation" time="2.953"/>
  <testcase classname="testCases.StackTest" name="StackPracticeQuestion" time="1.179"/>
  <testcase classname="testCases.QueueTest" name="QueueInPython" time="2.245"/>
  <testcase classname="testCases.QueueTest" name="QueueCollection" time="0.918"/>
  <testcase classname="testCases.QueueTest" name="QueueImplementation" time="0.957"/>
  <testcase classname="testCases.QueueTest" name="QueueOperations" time="1.8"/>
  <testcase classname="testCases.QueueTest" name="QueuePracticeQuestions" time="1.144"/>
  <testcase classname="testCases.TreeTest" name="OverviewTree" time="3.839"/>
  <testcase classname="testCases.TreeTest" name="Terminology" time="1.13"/>
  <testcase classname="testCases.TreeTest" name="TypesofTree" time="0.978"/>
  <testcase classname="testCases.TreeTest" name="TreeTraversals" time="1.207"/>
  <testcase classname="testCases.TreeTest" name="TraversalsIllustration" time="2.074"/>
  <testcase classname="testCases.TreeTest" name="BinaryTree" time="2.881"/>
  <testcase classname="testCases.TreeTest" name="TypesBinaryTree" time="1.689"/>
  <testcase classname="testCases.TreeTest" name="ImplementationinPython" time="1.242"/>
  <testcase classname="testCases.TreeTest" name="BinaryTreeTraversals" time="1.091"/>
  <testcase classname="testCases.TreeTest" name="ImplementationBinaryTrees" time="1.22"/>
  <testcase classname="testCases.TreeTest" name="ApplicationsBinaryTree" time="2.082"/>
  <testcase classname="testCases.TreeTest" name="BinarySearchTrees" time="2.742"/>
  <testcase classname="testCases.TreeTest" name="ImplementationOfBST" time="1.76"/>
  <testcase classname="testCases.TreeTest" name="PracticeQuestion" time="0.665"/>
  <testcase classname="testCases.GraphTest" name="GraphPage" time="1.945"/>
  <testcase classname="testCases.GraphTest" name="GraphRepresentations" time="1.688"/>
  <testcase classname="testCases.GraphTest" name="Graph" time="1.274"/>
  <testcase classname="testCases.BaseClass" name="@BeforeTest setup" time="0.0">
    <ignored/>
  </testcase> <!-- @BeforeTest setup -->
  <testcase classname="testCases.BaseClass" name="@AfterTest tearDown" time="0.0">
    <ignored/>
  </testcase> <!-- @AfterTest tearDown -->
  <testcase classname="testCases.BaseClass" name="@BeforeTest setup" time="0.0">
    <ignored/>
  </testcase> <!-- @BeforeTest setup -->
  <testcase classname="testCases.BaseClass" name="@AfterTest tearDown" time="0.0">
    <ignored/>
  </testcase> <!-- @AfterTest tearDown -->
  <testcase classname="testCases.BaseClass" name="@BeforeTest setup" time="0.0">
    <ignored/>
  </testcase> <!-- @BeforeTest setup -->
  <testcase classname="testCases.BaseClass" name="@BeforeTest setup" time="0.0">
    <ignored/>
  </testcase> <!-- @BeforeTest setup -->
  <testcase classname="testCases.BaseClass" name="@AfterTest tearDown" time="0.0">
    <ignored/>
  </testcase> <!-- @AfterTest tearDown -->
  <testcase classname="testCases.BaseClass" name="@AfterTest tearDown" time="0.0">
    <ignored/>
  </testcase> <!-- @AfterTest tearDown -->
  <testcase classname="testCases.BaseClass" name="@AfterTest tearDown" time="0.0">
    <ignored/>
  </testcase> <!-- @AfterTest tearDown -->
  <testcase classname="testCases.BaseClass" name="@BeforeTest setup" time="0.0">
    <ignored/>
  </testcase> <!-- @BeforeTest setup -->
  <testcase classname="testCases.BaseClass" name="@BeforeTest setup" time="0.0">
    <ignored/>
  </testcase> <!-- @BeforeTest setup -->
  <testcase classname="testCases.BaseClass" name="@AfterTest tearDown" time="0.0">
    <ignored/>
  </testcase> <!-- @AfterTest tearDown -->
  <testcase classname="testCases.BaseClass" name="@AfterTest tearDown" time="0.0">
    <ignored/>
  </testcase> <!-- @AfterTest tearDown -->
  <testcase classname="testCases.BaseClass" name="@BeforeTest setup" time="0.0">
    <ignored/>
  </testcase> <!-- @BeforeTest setup -->
  <testcase classname="testCases.BaseClass" name="@BeforeTest setup" time="0.0">
    <ignored/>
  </testcase> <!-- @BeforeTest setup -->
  <testcase classname="testCases.BaseClass" name="@AfterTest tearDown" time="0.0">
    <ignored/>
  </testcase> <!-- @AfterTest tearDown -->
  <testcase classname="testCases.BaseClass" name="@BeforeTest setup" time="0.0">
    <ignored/>
  </testcase> <!-- @BeforeTest setup -->
  <testcase classname="testCases.BaseClass" name="@AfterTest tearDown" time="0.0">
    <ignored/>
  </testcase> <!-- @AfterTest tearDown -->
</testsuite> <!-- Test -->
