<html>
<head>
<title>TestNG:  Test</title>
<link href="../testng.css" rel="stylesheet" type="text/css" />
<link href="../my-testng.css" rel="stylesheet" type="text/css" />

<style type="text/css">
.log { display: none;} 
.stack-trace { display: none;} 
</style>
<script type="text/javascript">
<!--
function flip(e) {
  current = e.style.display;
  if (current == 'block') {
    e.style.display = 'none';
    return 0;
  }
  else {
    e.style.display = 'block';
    return 1;
  }
}

function toggleBox(szDivId, elem, msg1, msg2)
{
  var res = -1;  if (document.getElementById) {
    res = flip(document.getElementById(szDivId));
  }
  else if (document.all) {
    // this is the way old msie versions work
    res = flip(document.all[szDivId]);
  }
  if(elem) {
    if(res == 0) elem.innerHTML = msg1; else elem.innerHTML = msg2;
  }

}

function toggleAllBoxes() {
  if (document.getElementsByTagName) {
    d = document.getElementsByTagName('div');
    for (i = 0; i < d.length; i++) {
      if (d[i].className == 'log') {
        flip(d[i]);
      }
    }
  }
}

// -->
</script>

</head>
<body>
<h2 align='center'>Test</h2><table border='1' align="center">
<tr>
<td>Tests passed/Failed/Skipped:</td><td>54/3/0</td>
</tr><tr>
<td>Started on:</td><td>Fri Dec 30 11:16:38 EST 2022</td>
</tr>
<tr><td>Total time:</td><td>115 seconds (115354 ms)</td>
</tr><tr>
<td>Included groups:</td><td></td>
</tr><tr>
<td>Excluded groups:</td><td></td>
</tr>
</table><p/>
<small><i>(Hover the method name to see the test class name)</i></small><p/>
<table width='100%' border='1' class='invocation-failed'>
<tr><td colspan='4' align='center'><b>FAILED TESTS</b></td></tr>
<tr><td><b>Test method</b></td>
<td><b>Attribute(s)</b></td>
<td width="30%"><b>Exception</b></td>
<td width="10%"><b>Time (seconds)</b></td>
<td><b>Instance</b></td>
</tr>
<tr>
<td title='testCases.SigninTest.SigninDDT()'><b>SigninDDT</b><br>Test class: testCases.SigninTest<br>Parameters: svhjj, hjjj</td>
<td><div><pre>java.lang.AssertionError: expected [true] but found [false]
	at testCases.SigninTest.SigninDDT(SigninTest.java:39)
	at java.base/java.util.ArrayList.forEach(ArrayList.java:1511)
... Removed 33 stack frames</pre></div><a href='#' onClick='toggleBox("stack-trace1179314953", this, "Click to show all stack frames", "Click to hide stack frames")'>Click to show all stack frames</a>
<div class='stack-trace' id='stack-trace1179314953'><pre>java.lang.AssertionError: expected [true] but found [false]
	at org.testng.Assert.fail(Assert.java:110)
	at org.testng.Assert.failNotEquals(Assert.java:1413)
	at org.testng.Assert.assertTrue(Assert.java:56)
	at org.testng.Assert.assertTrue(Assert.java:66)
	at testCases.SigninTest.SigninDDT(SigninTest.java:39)
	at java.base/jdk.internal.reflect.DirectMethodHandleAccessor.invoke(DirectMethodHandleAccessor.java:104)
	at java.base/java.lang.reflect.Method.invoke(Method.java:577)
	at org.testng.internal.invokers.MethodInvocationHelper.invokeMethod(MethodInvocationHelper.java:139)
	at org.testng.internal.invokers.TestInvoker.invokeMethod(TestInvoker.java:677)
	at org.testng.internal.invokers.TestInvoker.invokeTestMethod(TestInvoker.java:221)
	at org.testng.internal.invokers.MethodRunner.runInSequence(MethodRunner.java:50)
	at org.testng.internal.invokers.TestInvoker$MethodInvocationAgent.invoke(TestInvoker.java:962)
	at org.testng.internal.invokers.TestInvoker.invokeTestMethods(TestInvoker.java:194)
	at org.testng.internal.invokers.TestMethodWorker.invokeTestMethods(TestMethodWorker.java:148)
	at org.testng.internal.invokers.TestMethodWorker.run(TestMethodWorker.java:128)
	at java.base/java.util.ArrayList.forEach(ArrayList.java:1511)
	at org.testng.TestRunner.privateRun(TestRunner.java:806)
	at org.testng.TestRunner.run(TestRunner.java:601)
	at org.testng.SuiteRunner.runTest(SuiteRunner.java:433)
	at org.testng.SuiteRunner.runSequentially(SuiteRunner.java:427)
	at org.testng.SuiteRunner.privateRun(SuiteRunner.java:387)
	at org.testng.SuiteRunner.run(SuiteRunner.java:330)
	at org.testng.SuiteRunnerWorker.runSuite(SuiteRunnerWorker.java:52)
	at org.testng.SuiteRunnerWorker.run(SuiteRunnerWorker.java:95)
	at org.testng.TestNG.runSuitesSequentially(TestNG.java:1256)
	at org.testng.TestNG.runSuitesLocally(TestNG.java:1176)
	at org.testng.TestNG.runSuites(TestNG.java:1099)
	at org.testng.TestNG.run(TestNG.java:1067)
	at org.apache.maven.surefire.testng.TestNGExecutor.run(TestNGExecutor.java:324)
	at org.apache.maven.surefire.testng.TestNGXmlTestSuite.execute(TestNGXmlTestSuite.java:74)
	at org.apache.maven.surefire.testng.TestNGProvider.invoke(TestNGProvider.java:123)
	at org.apache.maven.surefire.booter.ForkedBooter.runSuitesInProcess(ForkedBooter.java:456)
	at org.apache.maven.surefire.booter.ForkedBooter.execute(ForkedBooter.java:169)
	at org.apache.maven.surefire.booter.ForkedBooter.run(ForkedBooter.java:595)
	at org.apache.maven.surefire.booter.ForkedBooter.main(ForkedBooter.java:581)
</pre></div></td>
<td>1</td>
<td>testCases.SigninTest@6d60fe40</td></tr>
<tr>
<td title='testCases.SigninTest.SigninDDT()'><b>SigninDDT</b><br>Test class: testCases.SigninTest<br>Parameters: abghbgh, ffgg</td>
<td><div><pre>java.lang.AssertionError: expected [true] but found [false]
	at testCases.SigninTest.SigninDDT(SigninTest.java:39)
	at java.base/java.util.ArrayList.forEach(ArrayList.java:1511)
... Removed 33 stack frames</pre></div><a href='#' onClick='toggleBox("stack-trace737947531", this, "Click to show all stack frames", "Click to hide stack frames")'>Click to show all stack frames</a>
<div class='stack-trace' id='stack-trace737947531'><pre>java.lang.AssertionError: expected [true] but found [false]
	at org.testng.Assert.fail(Assert.java:110)
	at org.testng.Assert.failNotEquals(Assert.java:1413)
	at org.testng.Assert.assertTrue(Assert.java:56)
	at org.testng.Assert.assertTrue(Assert.java:66)
	at testCases.SigninTest.SigninDDT(SigninTest.java:39)
	at java.base/jdk.internal.reflect.DirectMethodHandleAccessor.invoke(DirectMethodHandleAccessor.java:104)
	at java.base/java.lang.reflect.Method.invoke(Method.java:577)
	at org.testng.internal.invokers.MethodInvocationHelper.invokeMethod(MethodInvocationHelper.java:139)
	at org.testng.internal.invokers.TestInvoker.invokeMethod(TestInvoker.java:677)
	at org.testng.internal.invokers.TestInvoker.invokeTestMethod(TestInvoker.java:221)
	at org.testng.internal.invokers.MethodRunner.runInSequence(MethodRunner.java:50)
	at org.testng.internal.invokers.TestInvoker$MethodInvocationAgent.invoke(TestInvoker.java:962)
	at org.testng.internal.invokers.TestInvoker.invokeTestMethods(TestInvoker.java:194)
	at org.testng.internal.invokers.TestMethodWorker.invokeTestMethods(TestMethodWorker.java:148)
	at org.testng.internal.invokers.TestMethodWorker.run(TestMethodWorker.java:128)
	at java.base/java.util.ArrayList.forEach(ArrayList.java:1511)
	at org.testng.TestRunner.privateRun(TestRunner.java:806)
	at org.testng.TestRunner.run(TestRunner.java:601)
	at org.testng.SuiteRunner.runTest(SuiteRunner.java:433)
	at org.testng.SuiteRunner.runSequentially(SuiteRunner.java:427)
	at org.testng.SuiteRunner.privateRun(SuiteRunner.java:387)
	at org.testng.SuiteRunner.run(SuiteRunner.java:330)
	at org.testng.SuiteRunnerWorker.runSuite(SuiteRunnerWorker.java:52)
	at org.testng.SuiteRunnerWorker.run(SuiteRunnerWorker.java:95)
	at org.testng.TestNG.runSuitesSequentially(TestNG.java:1256)
	at org.testng.TestNG.runSuitesLocally(TestNG.java:1176)
	at org.testng.TestNG.runSuites(TestNG.java:1099)
	at org.testng.TestNG.run(TestNG.java:1067)
	at org.apache.maven.surefire.testng.TestNGExecutor.run(TestNGExecutor.java:324)
	at org.apache.maven.surefire.testng.TestNGXmlTestSuite.execute(TestNGXmlTestSuite.java:74)
	at org.apache.maven.surefire.testng.TestNGProvider.invoke(TestNGProvider.java:123)
	at org.apache.maven.surefire.booter.ForkedBooter.runSuitesInProcess(ForkedBooter.java:456)
	at org.apache.maven.surefire.booter.ForkedBooter.execute(ForkedBooter.java:169)
	at org.apache.maven.surefire.booter.ForkedBooter.run(ForkedBooter.java:595)
	at org.apache.maven.surefire.booter.ForkedBooter.main(ForkedBooter.java:581)
</pre></div></td>
<td>1</td>
<td>testCases.SigninTest@6d60fe40</td></tr>
<tr>
<td title='testCases.SigninTest.SigninDDT()'><b>SigninDDT</b><br>Test class: testCases.SigninTest<br>Parameters: sahana9, user12345</td>
<td><div><pre>java.lang.AssertionError: expected [true] but found [false]
	at testCases.SigninTest.SigninDDT(SigninTest.java:39)
	at java.base/java.util.ArrayList.forEach(ArrayList.java:1511)
... Removed 33 stack frames</pre></div><a href='#' onClick='toggleBox("stack-trace787205767", this, "Click to show all stack frames", "Click to hide stack frames")'>Click to show all stack frames</a>
<div class='stack-trace' id='stack-trace787205767'><pre>java.lang.AssertionError: expected [true] but found [false]
	at org.testng.Assert.fail(Assert.java:110)
	at org.testng.Assert.failNotEquals(Assert.java:1413)
	at org.testng.Assert.assertTrue(Assert.java:56)
	at org.testng.Assert.assertTrue(Assert.java:66)
	at testCases.SigninTest.SigninDDT(SigninTest.java:39)
	at java.base/jdk.internal.reflect.DirectMethodHandleAccessor.invoke(DirectMethodHandleAccessor.java:104)
	at java.base/java.lang.reflect.Method.invoke(Method.java:577)
	at org.testng.internal.invokers.MethodInvocationHelper.invokeMethod(MethodInvocationHelper.java:139)
	at org.testng.internal.invokers.TestInvoker.invokeMethod(TestInvoker.java:677)
	at org.testng.internal.invokers.TestInvoker.invokeTestMethod(TestInvoker.java:221)
	at org.testng.internal.invokers.MethodRunner.runInSequence(MethodRunner.java:50)
	at org.testng.internal.invokers.TestInvoker$MethodInvocationAgent.invoke(TestInvoker.java:962)
	at org.testng.internal.invokers.TestInvoker.invokeTestMethods(TestInvoker.java:194)
	at org.testng.internal.invokers.TestMethodWorker.invokeTestMethods(TestMethodWorker.java:148)
	at org.testng.internal.invokers.TestMethodWorker.run(TestMethodWorker.java:128)
	at java.base/java.util.ArrayList.forEach(ArrayList.java:1511)
	at org.testng.TestRunner.privateRun(TestRunner.java:806)
	at org.testng.TestRunner.run(TestRunner.java:601)
	at org.testng.SuiteRunner.runTest(SuiteRunner.java:433)
	at org.testng.SuiteRunner.runSequentially(SuiteRunner.java:427)
	at org.testng.SuiteRunner.privateRun(SuiteRunner.java:387)
	at org.testng.SuiteRunner.run(SuiteRunner.java:330)
	at org.testng.SuiteRunnerWorker.runSuite(SuiteRunnerWorker.java:52)
	at org.testng.SuiteRunnerWorker.run(SuiteRunnerWorker.java:95)
	at org.testng.TestNG.runSuitesSequentially(TestNG.java:1256)
	at org.testng.TestNG.runSuitesLocally(TestNG.java:1176)
	at org.testng.TestNG.runSuites(TestNG.java:1099)
	at org.testng.TestNG.run(TestNG.java:1067)
	at org.apache.maven.surefire.testng.TestNGExecutor.run(TestNGExecutor.java:324)
	at org.apache.maven.surefire.testng.TestNGXmlTestSuite.execute(TestNGXmlTestSuite.java:74)
	at org.apache.maven.surefire.testng.TestNGProvider.invoke(TestNGProvider.java:123)
	at org.apache.maven.surefire.booter.ForkedBooter.runSuitesInProcess(ForkedBooter.java:456)
	at org.apache.maven.surefire.booter.ForkedBooter.execute(ForkedBooter.java:169)
	at org.apache.maven.surefire.booter.ForkedBooter.run(ForkedBooter.java:595)
	at org.apache.maven.surefire.booter.ForkedBooter.main(ForkedBooter.java:581)
</pre></div></td>
<td>3</td>
<td>testCases.SigninTest@6d60fe40</td></tr>
</table><p>
<table width='100%' border='1' class='invocation-passed'>
<tr><td colspan='4' align='center'><b>PASSED TESTS</b></td></tr>
<tr><td><b>Test method</b></td>
<td><b>Attribute(s)</b></td>
<td width="30%"><b>Exception</b></td>
<td width="10%"><b>Time (seconds)</b></td>
<td><b>Instance</b></td>
</tr>
<tr>
<td title='testCases.RegistrationTest.RegistrationDDT()'><b>RegistrationDDT</b><br>Test class: testCases.RegistrationTest<br>Parameters: sahana95376, user123455376, user123455376</td>
<td></td>
<td>1</td>
<td>testCases.RegistrationTest@43df23d3</td></tr>
<tr>
<td title='testCases.ArrayTest.BasicOperation()'><b>BasicOperation</b><br>Test class: testCases.ArrayTest</td>
<td></td>
<td>3</td>
<td>testCases.ArrayTest@23e84203</td></tr>
<tr>
<td title='testCases.StackTest.StackOperations()'><b>StackOperations</b><br>Test class: testCases.StackTest</td>
<td></td>
<td>4</td>
<td>testCases.StackTest@73eb439a</td></tr>
<tr>
<td title='testCases.StackTest.StackApplications()'><b>StackApplications</b><br>Test class: testCases.StackTest</td>
<td></td>
<td>1</td>
<td>testCases.StackTest@73eb439a</td></tr>
<tr>
<td title='testCases.DataStructureTest.DatastructureTimeComplexity()'><b>DatastructureTimeComplexity</b><br>Test class: testCases.DataStructureTest</td>
<td></td>
<td>5</td>
<td>testCases.DataStructureTest@792b749c</td></tr>
<tr>
<td title='testCases.LinkedListTest.TraversalLinkedListedPython()'><b>TraversalLinkedListedPython</b><br>Test class: testCases.LinkedListTest</td>
<td></td>
<td>0</td>
<td>testCases.LinkedListTest@19932c16</td></tr>
<tr>
<td title='testCases.TreeTest.TreeTraversals()'><b>TreeTraversals</b><br>Test class: testCases.TreeTest</td>
<td></td>
<td>1</td>
<td>testCases.TreeTest@305ffe9e</td></tr>
<tr>
<td title='testCases.TreeTest.ApplicationsBinaryTree()'><b>ApplicationsBinaryTree</b><br>Test class: testCases.TreeTest</td>
<td></td>
<td>2</td>
<td>testCases.TreeTest@305ffe9e</td></tr>
<tr>
<td title='testCases.ArrayTest.MaxConsecutive()'><b>MaxConsecutive</b><br>Test class: testCases.ArrayTest</td>
<td></td>
<td>1</td>
<td>testCases.ArrayTest@23e84203</td></tr>
<tr>
<td title='testCases.RegistrationTest.RegistrationDDT()'><b>RegistrationDDT</b><br>Test class: testCases.RegistrationTest<br>Parameters: mily329, ab329, ab329</td>
<td></td>
<td>0</td>
<td>testCases.RegistrationTest@43df23d3</td></tr>
<tr>
<td title='testCases.ArrayTest.ShortedArrays()'><b>ShortedArrays</b><br>Test class: testCases.ArrayTest</td>
<td></td>
<td>1</td>
<td>testCases.ArrayTest@23e84203</td></tr>
<tr>
<td title='testCases.TreeTest.BinaryTree()'><b>BinaryTree</b><br>Test class: testCases.TreeTest</td>
<td></td>
<td>2</td>
<td>testCases.TreeTest@305ffe9e</td></tr>
<tr>
<td title='testCases.TreeTest.OverviewTree()'><b>OverviewTree</b><br>Test class: testCases.TreeTest</td>
<td></td>
<td>3</td>
<td>testCases.TreeTest@305ffe9e</td></tr>
<tr>
<td title='testCases.TreeTest.BinaryTreeTraversals()'><b>BinaryTreeTraversals</b><br>Test class: testCases.TreeTest</td>
<td></td>
<td>1</td>
<td>testCases.TreeTest@305ffe9e</td></tr>
<tr>
<td title='testCases.LinkedListTest.DeletionLinkedListedPython()'><b>DeletionLinkedListedPython</b><br>Test class: testCases.LinkedListTest</td>
<td></td>
<td>2</td>
<td>testCases.LinkedListTest@19932c16</td></tr>
<tr>
<td title='testCases.TreeTest.Terminology()'><b>Terminology</b><br>Test class: testCases.TreeTest</td>
<td></td>
<td>1</td>
<td>testCases.TreeTest@305ffe9e</td></tr>
<tr>
<td title='testCases.LinkedListTest.CreatedLinkedListedPage()'><b>CreatedLinkedListedPage</b><br>Test class: testCases.LinkedListTest</td>
<td></td>
<td>1</td>
<td>testCases.LinkedListTest@19932c16</td></tr>
<tr>
<td title='testCases.LinkedListTest.PracticeQuastionLinkedListedPython()'><b>PracticeQuastionLinkedListedPython</b><br>Test class: testCases.LinkedListTest</td>
<td></td>
<td>1</td>
<td>testCases.LinkedListTest@19932c16</td></tr>
<tr>
<td title='testCases.RegistrationTest.RegistrationDDT()'><b>RegistrationDDT</b><br>Test class: testCases.RegistrationTest<br>Parameters: 8306, 8306,  8306</td>
<td></td>
<td>1</td>
<td>testCases.RegistrationTest@43df23d3</td></tr>
<tr>
<td title='testCases.GraphTest.GraphRepresentations()'><b>GraphRepresentations</b><br>Test class: testCases.GraphTest</td>
<td></td>
<td>1</td>
<td>testCases.GraphTest@302c971f</td></tr>
<tr>
<td title='testCases.ArrayTest.ArraysPython()'><b>ArraysPython</b><br>Test class: testCases.ArrayTest</td>
<td></td>
<td>1</td>
<td>testCases.ArrayTest@23e84203</td></tr>
<tr>
<td title='testCases.TreeTest.TypesBinaryTree()'><b>TypesBinaryTree</b><br>Test class: testCases.TreeTest</td>
<td></td>
<td>1</td>
<td>testCases.TreeTest@305ffe9e</td></tr>
<tr>
<td title='testCases.ArrayTest.PracticeQuestion()'><b>PracticeQuestion</b><br>Test class: testCases.ArrayTest</td>
<td></td>
<td>1</td>
<td>testCases.ArrayTest@23e84203</td></tr>
<tr>
<td title='testCases.LinkedListTest.LinledSignIn()'><b>LinledSignIn</b><br>Test class: testCases.LinkedListTest</td>
<td></td>
<td>2</td>
<td>testCases.LinkedListTest@19932c16</td></tr>
<tr>
<td title='testCases.TreeTest.PracticeQuestion()'><b>PracticeQuestion</b><br>Test class: testCases.TreeTest</td>
<td></td>
<td>0</td>
<td>testCases.TreeTest@305ffe9e</td></tr>
<tr>
<td title='testCases.QueueTest.QueueOperations()'><b>QueueOperations</b><br>Test class: testCases.QueueTest</td>
<td></td>
<td>1</td>
<td>testCases.QueueTest@514646ef</td></tr>
<tr>
<td title='testCases.QueueTest.QueueImplementation()'><b>QueueImplementation</b><br>Test class: testCases.QueueTest</td>
<td></td>
<td>0</td>
<td>testCases.QueueTest@514646ef</td></tr>
<tr>
<td title='testCases.QueueTest.QueuePracticeQuestions()'><b>QueuePracticeQuestions</b><br>Test class: testCases.QueueTest</td>
<td></td>
<td>1</td>
<td>testCases.QueueTest@514646ef</td></tr>
<tr>
<td title='testCases.QueueTest.QueueInPython()'><b>QueueInPython</b><br>Test class: testCases.QueueTest</td>
<td></td>
<td>2</td>
<td>testCases.QueueTest@514646ef</td></tr>
<tr>
<td title='testCases.TreeTest.ImplementationinPython()'><b>ImplementationinPython</b><br>Test class: testCases.TreeTest</td>
<td></td>
<td>1</td>
<td>testCases.TreeTest@305ffe9e</td></tr>
<tr>
<td title='testCases.HomePageTest.homepage()'><b>homepage</b><br>Test class: testCases.HomePageTest</td>
<td></td>
<td>2</td>
<td>testCases.HomePageTest@1033576a</td></tr>
<tr>
<td title='testCases.StackTest.StackImplementation()'><b>StackImplementation</b><br>Test class: testCases.StackTest</td>
<td></td>
<td>2</td>
<td>testCases.StackTest@73eb439a</td></tr>
<tr>
<td title='testCases.TreeTest.TypesofTree()'><b>TypesofTree</b><br>Test class: testCases.TreeTest</td>
<td></td>
<td>0</td>
<td>testCases.TreeTest@305ffe9e</td></tr>
<tr>
<td title='testCases.LinkedListTest.introductionLinkListed()'><b>introductionLinkListed</b><br>Test class: testCases.LinkedListTest</td>
<td></td>
<td>2</td>
<td>testCases.LinkedListTest@19932c16</td></tr>
<tr>
<td title='testCases.GraphTest.GraphPage()'><b>GraphPage</b><br>Test class: testCases.GraphTest</td>
<td></td>
<td>1</td>
<td>testCases.GraphTest@302c971f</td></tr>
<tr>
<td title='testCases.DataStructureTest.DataStructurePrecticeQuestion()'><b>DataStructurePrecticeQuestion</b><br>Test class: testCases.DataStructureTest</td>
<td></td>
<td>2</td>
<td>testCases.DataStructureTest@792b749c</td></tr>
<tr>
<td title='testCases.ArrayTest.ApplicationOfArrays()'><b>ApplicationOfArrays</b><br>Test class: testCases.ArrayTest</td>
<td></td>
<td>1</td>
<td>testCases.ArrayTest@23e84203</td></tr>
<tr>
<td title='testCases.TreeTest.ImplementationBinaryTrees()'><b>ImplementationBinaryTrees</b><br>Test class: testCases.TreeTest</td>
<td></td>
<td>1</td>
<td>testCases.TreeTest@305ffe9e</td></tr>
<tr>
<td title='testCases.StackTest.StackPracticeQuestion()'><b>StackPracticeQuestion</b><br>Test class: testCases.StackTest</td>
<td></td>
<td>1</td>
<td>testCases.StackTest@73eb439a</td></tr>
<tr>
<td title='testCases.QueueTest.QueueCollection()'><b>QueueCollection</b><br>Test class: testCases.QueueTest</td>
<td></td>
<td>0</td>
<td>testCases.QueueTest@514646ef</td></tr>
<tr>
<td title='testCases.ArrayTest.Arrayslogin()'><b>Arrayslogin</b><br>Test class: testCases.ArrayTest</td>
<td></td>
<td>2</td>
<td>testCases.ArrayTest@23e84203</td></tr>
<tr>
<td title='testCases.TreeTest.TraversalsIllustration()'><b>TraversalsIllustration</b><br>Test class: testCases.TreeTest</td>
<td></td>
<td>2</td>
<td>testCases.TreeTest@305ffe9e</td></tr>
<tr>
<td title='testCases.RegistrationTest.sighOutOnRegistrationPage()'><b>sighOutOnRegistrationPage</b><br>Test class: testCases.RegistrationTest</td>
<td></td>
<td>0</td>
<td>testCases.RegistrationTest@43df23d3</td></tr>
<tr>
<td title='testCases.GraphTest.Graph()'><b>Graph</b><br>Test class: testCases.GraphTest</td>
<td></td>
<td>1</td>
<td>testCases.GraphTest@302c971f</td></tr>
<tr>
<td title='testCases.LinkedListTest.InsertaionLinkedListedPython()'><b>InsertaionLinkedListedPython</b><br>Test class: testCases.LinkedListTest</td>
<td></td>
<td>1</td>
<td>testCases.LinkedListTest@19932c16</td></tr>
<tr>
<td title='testCases.LinkedListTest.TypeOfLinkedListedPage()'><b>TypeOfLinkedListedPage</b><br>Test class: testCases.LinkedListTest</td>
<td></td>
<td>1</td>
<td>testCases.LinkedListTest@19932c16</td></tr>
<tr>
<td title='testCases.RegistrationTest.RegistrationDDT()'><b>RegistrationDDT</b><br>Test class: testCases.RegistrationTest<br>Parameters: Zee9142,   9142, 9142</td>
<td></td>
<td>0</td>
<td>testCases.RegistrationTest@43df23d3</td></tr>
<tr>
<td title='testCases.RegistrationTest.RegistrationDDT()'><b>RegistrationDDT</b><br>Test class: testCases.RegistrationTest<br>Parameters: rose6722, try123456722, try1236722</td>
<td></td>
<td>0</td>
<td>testCases.RegistrationTest@43df23d3</td></tr>
<tr>
<td title='testCases.TreeTest.BinarySearchTrees()'><b>BinarySearchTrees</b><br>Test class: testCases.TreeTest</td>
<td></td>
<td>2</td>
<td>testCases.TreeTest@305ffe9e</td></tr>
<tr>
<td title='testCases.TreeTest.ImplementationOfBST()'><b>ImplementationOfBST</b><br>Test class: testCases.TreeTest</td>
<td></td>
<td>1</td>
<td>testCases.TreeTest@305ffe9e</td></tr>
<tr>
<td title='testCases.RegistrationTest.RegistrationDDT()'><b>RegistrationDDT</b><br>Test class: testCases.RegistrationTest<br>Parameters: zenny2719, abc1232719, 2719</td>
<td></td>
<td>0</td>
<td>testCases.RegistrationTest@43df23d3</td></tr>
<tr>
<td title='testCases.ArrayTest.FindNumber()'><b>FindNumber</b><br>Test class: testCases.ArrayTest</td>
<td></td>
<td>1</td>
<td>testCases.ArrayTest@23e84203</td></tr>
<tr>
<td title='testCases.ArrayTest.ArraysList()'><b>ArraysList</b><br>Test class: testCases.ArrayTest</td>
<td></td>
<td>1</td>
<td>testCases.ArrayTest@23e84203</td></tr>
<tr>
<td title='testCases.LinkedListTest.ImplementLinkedListedPython()'><b>ImplementLinkedListedPython</b><br>Test class: testCases.LinkedListTest</td>
<td></td>
<td>1</td>
<td>testCases.LinkedListTest@19932c16</td></tr>
</table><p>
</body>
</html>